<?xml version="1.0" encoding="UTF-8"?>
<testsuite name="br.ce.wcaquino.servicos.CalculoValorLocacaoTest" time="0.289" tests="6" errors="6" skipped="0" failures="0">
  <properties>
    <property name="java.runtime.name" value="OpenJDK Runtime Environment"/>
    <property name="java.vm.version" value="18.0.1+0"/>
    <property name="sun.boot.library.path" value="/usr/local/Cellar/openjdk/18.0.1/libexec/openjdk.jdk/Contents/Home/lib"/>
    <property name="maven.multiModuleProjectDirectory" value="/Users/thiagoferreira/Documents/Studies/TestesUnitarios"/>
    <property name="java.vm.vendor" value="Homebrew"/>
    <property name="java.vendor.url" value="https://github.com/Homebrew/homebrew-core/issues"/>
    <property name="guice.disable.misplaced.annotation.check" value="true"/>
    <property name="path.separator" value=":"/>
    <property name="java.vm.name" value="OpenJDK 64-Bit Server VM"/>
    <property name="user.country" value="US"/>
    <property name="sun.java.launcher" value="SUN_STANDARD"/>
    <property name="test" value="CalculoValorLocacaoTest"/>
    <property name="java.vm.specification.name" value="Java Virtual Machine Specification"/>
    <property name="user.dir" value="/Users/thiagoferreira/Documents/Studies/TestesUnitarios"/>
    <property name="java.vm.compressedOopsMode" value="Zero based"/>
    <property name="java.runtime.version" value="18.0.1+0"/>
    <property name="os.arch" value="x86_64"/>
    <property name="java.io.tmpdir" value="/var/folders/76/g55mz89s2412m0ssmhgxlh180000gp/T/"/>
    <property name="line.separator" value="&#10;"/>
    <property name="java.vm.specification.vendor" value="Oracle Corporation"/>
    <property name="os.name" value="Mac OS X"/>
    <property name="classworlds.conf" value="/usr/local/Cellar/maven/3.8.5/libexec/bin/m2.conf"/>
    <property name="sun.jnu.encoding" value="UTF-8"/>
    <property name="java.library.path" value="/Users/thiagoferreira/Library/Java/Extensions:/Library/Java/Extensions:/Network/Library/Java/Extensions:/System/Library/Java/Extensions:/usr/lib/java:."/>
    <property name="maven.conf" value="/usr/local/Cellar/maven/3.8.5/libexec/conf"/>
    <property name="jdk.debug" value="release"/>
    <property name="java.class.version" value="62.0"/>
    <property name="java.specification.name" value="Java Platform API Specification"/>
    <property name="sun.management.compiler" value="HotSpot 64-Bit Tiered Compilers"/>
    <property name="os.version" value="12.3.1"/>
    <property name="library.jansi.path" value="/usr/local/Cellar/maven/3.8.5/libexec/lib/jansi-native"/>
    <property name="http.nonProxyHosts" value="local|*.local|169.254/16|*.169.254/16"/>
    <property name="user.home" value="/Users/thiagoferreira"/>
    <property name="user.timezone" value="America/Fortaleza"/>
    <property name="file.encoding" value="UTF-8"/>
    <property name="java.specification.version" value="18"/>
    <property name="user.name" value="thiagoferreira"/>
    <property name="java.class.path" value="/usr/local/Cellar/maven/3.8.5/libexec/boot/plexus-classworlds-2.6.0.jar"/>
    <property name="java.vm.specification.version" value="18"/>
    <property name="sun.arch.data.model" value="64"/>
    <property name="sun.java.command" value="org.codehaus.plexus.classworlds.launcher.Launcher -Dtest=CalculoValorLocacaoTest test"/>
    <property name="java.home" value="/usr/local/Cellar/openjdk/18.0.1/libexec/openjdk.jdk/Contents/Home"/>
    <property name="apple.awt.application.name" value="Launcher"/>
    <property name="user.language" value="en"/>
    <property name="java.specification.vendor" value="Oracle Corporation"/>
    <property name="java.vm.info" value="mixed mode, sharing"/>
    <property name="java.version" value="18.0.1"/>
    <property name="native.encoding" value="UTF-8"/>
    <property name="java.vendor" value="Homebrew"/>
    <property name="sun.stderr.encoding" value="UTF-8"/>
    <property name="maven.home" value="/usr/local/Cellar/maven/3.8.5/libexec"/>
    <property name="file.separator" value="/"/>
    <property name="java.version.date" value="2022-04-19"/>
    <property name="java.vendor.url.bug" value="https://github.com/Homebrew/homebrew-core/issues"/>
    <property name="sun.io.unicode.encoding" value="UnicodeBig"/>
    <property name="sun.cpu.endian" value="little"/>
    <property name="java.vendor.version" value="Homebrew"/>
    <property name="sun.stdout.encoding" value="UTF-8"/>
    <property name="socksNonProxyHosts" value="local|*.local|169.254/16|*.169.254/16"/>
    <property name="ftp.nonProxyHosts" value="local|*.local|169.254/16|*.169.254/16"/>
  </properties>
  <testcase name="deveCalcularValorLocacaoConsiderandoDescontos[6 Filmes: 100%]" classname="br.ce.wcaquino.servicos.CalculoValorLocacaoTest" time="0.049">
    <error message="Could not initialize class org.powermock.api.mockito.repackaged.ClassImposterizer$3" type="java.lang.NoClassDefFoundError"><![CDATA[java.lang.NoClassDefFoundError: Could not initialize class org.powermock.api.mockito.repackaged.ClassImposterizer$3
	at org.mockito.cglib.core.KeyFactory$Generator.generateClass(KeyFactory.java:167)
	at org.mockito.cglib.core.DefaultGeneratorStrategy.generate(DefaultGeneratorStrategy.java:25)
	at org.mockito.cglib.core.AbstractClassGenerator.create(AbstractClassGenerator.java:217)
	at org.mockito.cglib.core.KeyFactory$Generator.create(KeyFactory.java:145)
	at org.mockito.cglib.core.KeyFactory.create(KeyFactory.java:117)
	at org.mockito.cglib.core.KeyFactory.create(KeyFactory.java:109)
	at org.mockito.cglib.core.KeyFactory.create(KeyFactory.java:105)
	at org.mockito.cglib.proxy.Enhancer.<clinit>(Enhancer.java:70)
	at org.powermock.api.mockito.repackaged.ClassImposterizer.createProxyClass(ClassImposterizer.java:96)
	at org.powermock.api.mockito.repackaged.ClassImposterizer.imposterise(ClassImposterizer.java:58)
	at org.powermock.api.mockito.repackaged.ClassImposterizer.imposterise(ClassImposterizer.java:50)
	at org.powermock.api.mockito.repackaged.CglibMockMaker.createMock(CglibMockMaker.java:25)
	at org.powermock.api.mockito.internal.mockmaker.PowerMockMaker.createMock(PowerMockMaker.java:47)
	at org.mockito.internal.util.MockUtil.createMock(MockUtil.java:33)
	at org.mockito.internal.MockitoCore.mock(MockitoCore.java:59)
	at org.mockito.Mockito.mock(Mockito.java:1285)
	at org.mockito.internal.configuration.MockAnnotationProcessor.process(MockAnnotationProcessor.java:33)
	at org.mockito.internal.configuration.MockAnnotationProcessor.process(MockAnnotationProcessor.java:16)
	at org.mockito.internal.configuration.DefaultAnnotationEngine.createMockFor(DefaultAnnotationEngine.java:43)
	at org.mockito.internal.configuration.DefaultAnnotationEngine.process(DefaultAnnotationEngine.java:66)
	at org.mockito.internal.configuration.InjectingAnnotationEngine.processIndependentAnnotations(InjectingAnnotationEngine.java:71)
	at org.mockito.internal.configuration.InjectingAnnotationEngine.process(InjectingAnnotationEngine.java:55)
	at org.mockito.MockitoAnnotations.initMocks(MockitoAnnotations.java:108)
	at br.ce.wcaquino.servicos.CalculoValorLocacaoTest.setup(CalculoValorLocacaoTest.java:52)
]]></error>
    <system-out><![CDATA[Finalizando 3...
]]></system-out>
  </testcase>
  <testcase name="deveCalcularValorLocacaoConsiderandoDescontos[2 Filmes: Sem Desconto]" classname="br.ce.wcaquino.servicos.CalculoValorLocacaoTest" time="0.048">
    <error type="java.lang.ExceptionInInitializerError:"><![CDATA[java.lang.ExceptionInInitializerError: null
	at java.base/java.lang.reflect.AccessibleObject.checkCanSetAccessible(AccessibleObject.java:354)
	at java.base/java.lang.reflect.AccessibleObject.checkCanSetAccessible(AccessibleObject.java:297)
	at java.base/java.lang.reflect.Method.checkCanSetAccessible(Method.java:200)
	at java.base/java.lang.reflect.Method.setAccessible(Method.java:194)
	at org.mockito.cglib.core.ReflectUtils$2.run(ReflectUtils.java:57)
	at java.base/java.security.AccessController.doPrivileged(AccessController.java:318)
	at org.mockito.cglib.core.ReflectUtils.<clinit>(ReflectUtils.java:47)
	at org.mockito.cglib.core.KeyFactory$Generator.generateClass(KeyFactory.java:167)
	at org.mockito.cglib.core.DefaultGeneratorStrategy.generate(DefaultGeneratorStrategy.java:25)
	at org.mockito.cglib.core.AbstractClassGenerator.create(AbstractClassGenerator.java:217)
	at org.mockito.cglib.core.KeyFactory$Generator.create(KeyFactory.java:145)
	at org.mockito.cglib.core.KeyFactory.create(KeyFactory.java:117)
	at org.mockito.cglib.core.KeyFactory.create(KeyFactory.java:109)
	at org.mockito.cglib.core.KeyFactory.create(KeyFactory.java:105)
	at org.mockito.cglib.proxy.Enhancer.<clinit>(Enhancer.java:70)
	at org.powermock.api.mockito.repackaged.ClassImposterizer.createProxyClass(ClassImposterizer.java:96)
	at org.powermock.api.mockito.repackaged.ClassImposterizer.imposterise(ClassImposterizer.java:58)
	at org.powermock.api.mockito.repackaged.ClassImposterizer.imposterise(ClassImposterizer.java:50)
	at org.powermock.api.mockito.repackaged.CglibMockMaker.createMock(CglibMockMaker.java:25)
	at org.powermock.api.mockito.internal.mockmaker.PowerMockMaker.createMock(PowerMockMaker.java:47)
	at org.mockito.internal.util.MockUtil.createMock(MockUtil.java:33)
	at org.mockito.internal.MockitoCore.mock(MockitoCore.java:59)
	at org.mockito.Mockito.mock(Mockito.java:1285)
	at org.mockito.internal.configuration.MockAnnotationProcessor.process(MockAnnotationProcessor.java:33)
	at org.mockito.internal.configuration.MockAnnotationProcessor.process(MockAnnotationProcessor.java:16)
	at org.mockito.internal.configuration.DefaultAnnotationEngine.createMockFor(DefaultAnnotationEngine.java:43)
	at org.mockito.internal.configuration.DefaultAnnotationEngine.process(DefaultAnnotationEngine.java:66)
	at org.mockito.internal.configuration.InjectingAnnotationEngine.processIndependentAnnotations(InjectingAnnotationEngine.java:71)
	at org.mockito.internal.configuration.InjectingAnnotationEngine.process(InjectingAnnotationEngine.java:55)
	at org.mockito.MockitoAnnotations.initMocks(MockitoAnnotations.java:108)
	at br.ce.wcaquino.servicos.CalculoValorLocacaoTest.setup(CalculoValorLocacaoTest.java:52)
]]></error>
    <system-out><![CDATA[Finalizando 3...
]]></system-out>
  </testcase>
  <testcase name="deveCalcularValorLocacaoConsiderandoDescontos[5 Filmes: 75%]" classname="br.ce.wcaquino.servicos.CalculoValorLocacaoTest" time="0.048">
    <error message="Could not initialize class org.powermock.api.mockito.repackaged.ClassImposterizer$3" type="java.lang.NoClassDefFoundError"><![CDATA[java.lang.NoClassDefFoundError: Could not initialize class org.powermock.api.mockito.repackaged.ClassImposterizer$3
	at org.mockito.cglib.core.KeyFactory$Generator.generateClass(KeyFactory.java:167)
	at org.mockito.cglib.core.DefaultGeneratorStrategy.generate(DefaultGeneratorStrategy.java:25)
	at org.mockito.cglib.core.AbstractClassGenerator.create(AbstractClassGenerator.java:217)
	at org.mockito.cglib.core.KeyFactory$Generator.create(KeyFactory.java:145)
	at org.mockito.cglib.core.KeyFactory.create(KeyFactory.java:117)
	at org.mockito.cglib.core.KeyFactory.create(KeyFactory.java:109)
	at org.mockito.cglib.core.KeyFactory.create(KeyFactory.java:105)
	at org.mockito.cglib.proxy.Enhancer.<clinit>(Enhancer.java:70)
	at org.powermock.api.mockito.repackaged.ClassImposterizer.createProxyClass(ClassImposterizer.java:96)
	at org.powermock.api.mockito.repackaged.ClassImposterizer.imposterise(ClassImposterizer.java:58)
	at org.powermock.api.mockito.repackaged.ClassImposterizer.imposterise(ClassImposterizer.java:50)
	at org.powermock.api.mockito.repackaged.CglibMockMaker.createMock(CglibMockMaker.java:25)
	at org.powermock.api.mockito.internal.mockmaker.PowerMockMaker.createMock(PowerMockMaker.java:47)
	at org.mockito.internal.util.MockUtil.createMock(MockUtil.java:33)
	at org.mockito.internal.MockitoCore.mock(MockitoCore.java:59)
	at org.mockito.Mockito.mock(Mockito.java:1285)
	at org.mockito.internal.configuration.MockAnnotationProcessor.process(MockAnnotationProcessor.java:33)
	at org.mockito.internal.configuration.MockAnnotationProcessor.process(MockAnnotationProcessor.java:16)
	at org.mockito.internal.configuration.DefaultAnnotationEngine.createMockFor(DefaultAnnotationEngine.java:43)
	at org.mockito.internal.configuration.DefaultAnnotationEngine.process(DefaultAnnotationEngine.java:66)
	at org.mockito.internal.configuration.InjectingAnnotationEngine.processIndependentAnnotations(InjectingAnnotationEngine.java:71)
	at org.mockito.internal.configuration.InjectingAnnotationEngine.process(InjectingAnnotationEngine.java:55)
	at org.mockito.MockitoAnnotations.initMocks(MockitoAnnotations.java:108)
	at br.ce.wcaquino.servicos.CalculoValorLocacaoTest.setup(CalculoValorLocacaoTest.java:52)
]]></error>
    <system-out><![CDATA[Finalizando 3...
]]></system-out>
  </testcase>
  <testcase name="deveCalcularValorLocacaoConsiderandoDescontos[7 Filmes: Sem Desconto]" classname="br.ce.wcaquino.servicos.CalculoValorLocacaoTest" time="0.048">
    <error message="Could not initialize class org.powermock.api.mockito.repackaged.ClassImposterizer$3" type="java.lang.NoClassDefFoundError"><![CDATA[java.lang.NoClassDefFoundError: Could not initialize class org.powermock.api.mockito.repackaged.ClassImposterizer$3
	at org.mockito.cglib.core.KeyFactory$Generator.generateClass(KeyFactory.java:167)
	at org.mockito.cglib.core.DefaultGeneratorStrategy.generate(DefaultGeneratorStrategy.java:25)
	at org.mockito.cglib.core.AbstractClassGenerator.create(AbstractClassGenerator.java:217)
	at org.mockito.cglib.core.KeyFactory$Generator.create(KeyFactory.java:145)
	at org.mockito.cglib.core.KeyFactory.create(KeyFactory.java:117)
	at org.mockito.cglib.core.KeyFactory.create(KeyFactory.java:109)
	at org.mockito.cglib.core.KeyFactory.create(KeyFactory.java:105)
	at org.mockito.cglib.proxy.Enhancer.<clinit>(Enhancer.java:70)
	at org.powermock.api.mockito.repackaged.ClassImposterizer.createProxyClass(ClassImposterizer.java:96)
	at org.powermock.api.mockito.repackaged.ClassImposterizer.imposterise(ClassImposterizer.java:58)
	at org.powermock.api.mockito.repackaged.ClassImposterizer.imposterise(ClassImposterizer.java:50)
	at org.powermock.api.mockito.repackaged.CglibMockMaker.createMock(CglibMockMaker.java:25)
	at org.powermock.api.mockito.internal.mockmaker.PowerMockMaker.createMock(PowerMockMaker.java:47)
	at org.mockito.internal.util.MockUtil.createMock(MockUtil.java:33)
	at org.mockito.internal.MockitoCore.mock(MockitoCore.java:59)
	at org.mockito.Mockito.mock(Mockito.java:1285)
	at org.mockito.internal.configuration.MockAnnotationProcessor.process(MockAnnotationProcessor.java:33)
	at org.mockito.internal.configuration.MockAnnotationProcessor.process(MockAnnotationProcessor.java:16)
	at org.mockito.internal.configuration.DefaultAnnotationEngine.createMockFor(DefaultAnnotationEngine.java:43)
	at org.mockito.internal.configuration.DefaultAnnotationEngine.process(DefaultAnnotationEngine.java:66)
	at org.mockito.internal.configuration.InjectingAnnotationEngine.processIndependentAnnotations(InjectingAnnotationEngine.java:71)
	at org.mockito.internal.configuration.InjectingAnnotationEngine.process(InjectingAnnotationEngine.java:55)
	at org.mockito.MockitoAnnotations.initMocks(MockitoAnnotations.java:108)
	at br.ce.wcaquino.servicos.CalculoValorLocacaoTest.setup(CalculoValorLocacaoTest.java:52)
]]></error>
    <system-out><![CDATA[Finalizando 3...
]]></system-out>
  </testcase>
  <testcase name="deveCalcularValorLocacaoConsiderandoDescontos[3 Filmes: 25%]" classname="br.ce.wcaquino.servicos.CalculoValorLocacaoTest" time="0.048">
    <error message="Could not initialize class org.powermock.api.mockito.repackaged.ClassImposterizer$3" type="java.lang.NoClassDefFoundError"><![CDATA[java.lang.NoClassDefFoundError: Could not initialize class org.powermock.api.mockito.repackaged.ClassImposterizer$3
	at org.mockito.cglib.core.KeyFactory$Generator.generateClass(KeyFactory.java:167)
	at org.mockito.cglib.core.DefaultGeneratorStrategy.generate(DefaultGeneratorStrategy.java:25)
	at org.mockito.cglib.core.AbstractClassGenerator.create(AbstractClassGenerator.java:217)
	at org.mockito.cglib.core.KeyFactory$Generator.create(KeyFactory.java:145)
	at org.mockito.cglib.core.KeyFactory.create(KeyFactory.java:117)
	at org.mockito.cglib.core.KeyFactory.create(KeyFactory.java:109)
	at org.mockito.cglib.core.KeyFactory.create(KeyFactory.java:105)
	at org.mockito.cglib.proxy.Enhancer.<clinit>(Enhancer.java:70)
	at org.powermock.api.mockito.repackaged.ClassImposterizer.createProxyClass(ClassImposterizer.java:96)
	at org.powermock.api.mockito.repackaged.ClassImposterizer.imposterise(ClassImposterizer.java:58)
	at org.powermock.api.mockito.repackaged.ClassImposterizer.imposterise(ClassImposterizer.java:50)
	at org.powermock.api.mockito.repackaged.CglibMockMaker.createMock(CglibMockMaker.java:25)
	at org.powermock.api.mockito.internal.mockmaker.PowerMockMaker.createMock(PowerMockMaker.java:47)
	at org.mockito.internal.util.MockUtil.createMock(MockUtil.java:33)
	at org.mockito.internal.MockitoCore.mock(MockitoCore.java:59)
	at org.mockito.Mockito.mock(Mockito.java:1285)
	at org.mockito.internal.configuration.MockAnnotationProcessor.process(MockAnnotationProcessor.java:33)
	at org.mockito.internal.configuration.MockAnnotationProcessor.process(MockAnnotationProcessor.java:16)
	at org.mockito.internal.configuration.DefaultAnnotationEngine.createMockFor(DefaultAnnotationEngine.java:43)
	at org.mockito.internal.configuration.DefaultAnnotationEngine.process(DefaultAnnotationEngine.java:66)
	at org.mockito.internal.configuration.InjectingAnnotationEngine.processIndependentAnnotations(InjectingAnnotationEngine.java:71)
	at org.mockito.internal.configuration.InjectingAnnotationEngine.process(InjectingAnnotationEngine.java:55)
	at org.mockito.MockitoAnnotations.initMocks(MockitoAnnotations.java:108)
	at br.ce.wcaquino.servicos.CalculoValorLocacaoTest.setup(CalculoValorLocacaoTest.java:52)
]]></error>
    <system-out><![CDATA[Finalizando 3...
]]></system-out>
  </testcase>
  <testcase name="deveCalcularValorLocacaoConsiderandoDescontos[4 Filmes: 50%]" classname="br.ce.wcaquino.servicos.CalculoValorLocacaoTest" time="0.048">
    <error message="Could not initialize class org.powermock.api.mockito.repackaged.ClassImposterizer$3" type="java.lang.NoClassDefFoundError"><![CDATA[java.lang.NoClassDefFoundError: Could not initialize class org.powermock.api.mockito.repackaged.ClassImposterizer$3
	at org.mockito.cglib.core.KeyFactory$Generator.generateClass(KeyFactory.java:167)
	at org.mockito.cglib.core.DefaultGeneratorStrategy.generate(DefaultGeneratorStrategy.java:25)
	at org.mockito.cglib.core.AbstractClassGenerator.create(AbstractClassGenerator.java:217)
	at org.mockito.cglib.core.KeyFactory$Generator.create(KeyFactory.java:145)
	at org.mockito.cglib.core.KeyFactory.create(KeyFactory.java:117)
	at org.mockito.cglib.core.KeyFactory.create(KeyFactory.java:109)
	at org.mockito.cglib.core.KeyFactory.create(KeyFactory.java:105)
	at org.mockito.cglib.proxy.Enhancer.<clinit>(Enhancer.java:70)
	at org.powermock.api.mockito.repackaged.ClassImposterizer.createProxyClass(ClassImposterizer.java:96)
	at org.powermock.api.mockito.repackaged.ClassImposterizer.imposterise(ClassImposterizer.java:58)
	at org.powermock.api.mockito.repackaged.ClassImposterizer.imposterise(ClassImposterizer.java:50)
	at org.powermock.api.mockito.repackaged.CglibMockMaker.createMock(CglibMockMaker.java:25)
	at org.powermock.api.mockito.internal.mockmaker.PowerMockMaker.createMock(PowerMockMaker.java:47)
	at org.mockito.internal.util.MockUtil.createMock(MockUtil.java:33)
	at org.mockito.internal.MockitoCore.mock(MockitoCore.java:59)
	at org.mockito.Mockito.mock(Mockito.java:1285)
	at org.mockito.internal.configuration.MockAnnotationProcessor.process(MockAnnotationProcessor.java:33)
	at org.mockito.internal.configuration.MockAnnotationProcessor.process(MockAnnotationProcessor.java:16)
	at org.mockito.internal.configuration.DefaultAnnotationEngine.createMockFor(DefaultAnnotationEngine.java:43)
	at org.mockito.internal.configuration.DefaultAnnotationEngine.process(DefaultAnnotationEngine.java:66)
	at org.mockito.internal.configuration.InjectingAnnotationEngine.processIndependentAnnotations(InjectingAnnotationEngine.java:71)
	at org.mockito.internal.configuration.InjectingAnnotationEngine.process(InjectingAnnotationEngine.java:55)
	at org.mockito.MockitoAnnotations.initMocks(MockitoAnnotations.java:108)
	at br.ce.wcaquino.servicos.CalculoValorLocacaoTest.setup(CalculoValorLocacaoTest.java:52)
]]></error>
    <system-out><![CDATA[Finalizando 3...
]]></system-out>
  </testcase>
</testsuite>